#! /c/Source/iverilog-install/bin/vvp
:ivl_version "12.0 (devel)" "(s20150603-1539-g2693dd32b)";
:ivl_delay_selection "TYPICAL";
:vpi_time_precision + 0;
:vpi_module "C:\iverilog\lib\ivl\system.vpi";
:vpi_module "C:\iverilog\lib\ivl\vhdl_sys.vpi";
:vpi_module "C:\iverilog\lib\ivl\vhdl_textio.vpi";
:vpi_module "C:\iverilog\lib\ivl\v2005_math.vpi";
:vpi_module "C:\iverilog\lib\ivl\va_math.vpi";
S_0000013d17846710 .scope module, "ID" "ID" 2 5;
 .timescale 0 0;
    .port_info 0 /INPUT 32 "instruction";
P_0000013d1788a4b0 .param/l "ADD" 0 2 30, C4<00000000000000000000000000010001>;
P_0000013d1788a4e8 .param/l "ADD2" 0 2 33, C4<00000000000000000000000000110001>;
P_0000013d1788a520 .param/l "ADDS" 0 2 31, C4<00000000000000000000000000011001>;
P_0000013d1788a558 .param/l "ADDS2" 0 2 33, C4<00000000000000000000000000111001>;
P_0000013d1788a590 .param/l "AND" 0 2 31, C4<00000000000000000000000000010011>;
P_0000013d1788a5c8 .param/l "AND2" 0 2 34, C4<00000000000000000000000000110011>;
P_0000013d1788a600 .param/l "ANDS" 0 2 31, C4<00000000000000000000000000011011>;
P_0000013d1788a638 .param/l "ANDS2" 0 2 34, C4<00000000000000000000000000111011>;
P_0000013d1788a670 .param/l "B" 0 2 35, C4<00000000000000000000000001100000>;
P_0000013d1788a6a8 .param/l "BR" 0 2 36, C4<00000000000000000000000001100010>;
P_0000013d1788a6e0 .param/l "Bcond" 0 2 36, C4<00000000000000000000000001100001>;
P_0000013d1788a718 .param/l "CLR" 0 2 33, C4<00000000000000000000000000000010>;
P_0000013d1788a750 .param/l "HALT" 0 2 36, C4<00000000000000000000000001101000>;
P_0000013d1788a788 .param/l "LOAD" 0 2 30, C4<00000000000000000000000001000000>;
P_0000013d1788a7c0 .param/l "LSL" 0 2 32, C4<00000000000000000000000000000001>;
P_0000013d1788a7f8 .param/l "LSR" 0 2 33, C4<00000000000000000000000000000101>;
P_0000013d1788a830 .param/l "MOV" 0 2 30, C4<00000000000000000000000000000000>;
P_0000013d1788a868 .param/l "MOVT" 0 2 30, C4<00000000000000000000000000000001>;
P_0000013d1788a8a0 .param/l "NOP" 0 2 36, C4<00000000000000000000000001100100>;
P_0000013d1788a8d8 .param/l "NOT" 0 2 35, C4<00000000000000000000000000110110>;
P_0000013d1788a910 .param/l "OR" 0 2 32, C4<00000000000000000000000000010100>;
P_0000013d1788a948 .param/l "OR2" 0 2 34, C4<00000000000000000000000000110100>;
P_0000013d1788a980 .param/l "ORS" 0 2 32, C4<00000000000000000000000000011100>;
P_0000013d1788a9b8 .param/l "ORS2" 0 2 35, C4<00000000000000000000000000111100>;
P_0000013d1788a9f0 .param/l "SET" 0 2 33, C4<00000000000000000000000000000011>;
P_0000013d1788aa28 .param/l "STOR" 0 2 30, C4<00000000000000000000000001000001>;
P_0000013d1788aa60 .param/l "SUB" 0 2 31, C4<00000000000000000000000000010010>;
P_0000013d1788aa98 .param/l "SUB2" 0 2 34, C4<00000000000000000000000000110010>;
P_0000013d1788aad0 .param/l "SUBS" 0 2 31, C4<00000000000000000000000000011010>;
P_0000013d1788ab08 .param/l "SUBS2" 0 2 34, C4<00000000000000000000000000111010>;
P_0000013d1788ab40 .param/l "XOR" 0 2 32, C4<00000000000000000000000000010101>;
P_0000013d1788ab78 .param/l "XOR2" 0 2 35, C4<00000000000000000000000000110101>;
P_0000013d1788abb0 .param/l "XORS" 0 2 32, C4<00000000000000000000000000011101>;
P_0000013d1788abe8 .param/l "XORS2" 0 2 35, C4<00000000000000000000000000111101>;
v0000013d178a9f00_0 .var "alu_oc", 2 0;
v0000013d178468a0_0 .var "br_ptr_reg", 2 0;
v0000013d17846940_0 .var "cond_flags", 3 0;
v0000013d178469e0_0 .var "dest_reg", 2 0;
v0000013d17846a80_0 .var "fld", 1 0;
v0000013d178940a0_0 .var "imm", 15 0;
o0000013d178aa0c8 .functor BUFZ 32, C4<zzzzzzzzzzzzzzzzzzzzzzzzzzzzzzzz>; HiZ drive
v0000013d17894140_0 .net "instruction", 31 0, o0000013d178aa0c8;  0 drivers
v0000013d178941e0_0 .var "mem_ptr_reg", 2 0;
v0000013d17894280_0 .var "offset", 15 0;
v0000013d17894320_0 .var "op_1_reg", 2 0;
v0000013d178943c0_0 .var "op_2_reg", 2 0;
v0000013d17894460_0 .var "s", 0 0;
v0000013d17894500_0 .var "shift_amt_reg", 2 0;
v0000013d178f3020_0 .var "sld", 3 0;
v0000013d178f30c0_0 .var "src_reg", 2 0;
    .scope S_0000013d17846710;
T_0 ;
    %load/vec4 v0000013d17894140_0;
    %parti/s 2, 30, 6;
    %store/vec4 v0000013d17846a80_0, 0, 2;
    %load/vec4 v0000013d17894140_0;
    %parti/s 1, 29, 6;
    %store/vec4 v0000013d17894460_0, 0, 1;
    %load/vec4 v0000013d17894140_0;
    %parti/s 4, 25, 6;
    %store/vec4 v0000013d178f3020_0, 0, 4;
    %load/vec4 v0000013d17894140_0;
    %parti/s 3, 25, 6;
    %store/vec4 v0000013d178a9f00_0, 0, 3;
    %load/vec4 v0000013d17894140_0;
    %parti/s 3, 22, 6;
    %store/vec4 v0000013d178469e0_0, 0, 3;
    %load/vec4 v0000013d17894140_0;
    %parti/s 3, 19, 6;
    %store/vec4 v0000013d178941e0_0, 0, 3;
    %load/vec4 v0000013d17894140_0;
    %parti/s 4, 21, 6;
    %pad/u 3;
    %store/vec4 v0000013d178468a0_0, 0, 3;
    %load/vec4 v0000013d17894140_0;
    %parti/s 16, 0, 2;
    %store/vec4 v0000013d17894280_0, 0, 16;
    %load/vec4 v0000013d17894140_0;
    %parti/s 3, 22, 6;
    %store/vec4 v0000013d178f30c0_0, 0, 3;
    %load/vec4 v0000013d17894140_0;
    %parti/s 16, 0, 2;
    %store/vec4 v0000013d178940a0_0, 0, 16;
    %load/vec4 v0000013d17894140_0;
    %parti/s 3, 19, 6;
    %store/vec4 v0000013d17894320_0, 0, 3;
    %load/vec4 v0000013d17894140_0;
    %parti/s 3, 16, 6;
    %store/vec4 v0000013d178943c0_0, 0, 3;
    %load/vec4 v0000013d17894140_0;
    %parti/s 3, 19, 6;
    %store/vec4 v0000013d17894500_0, 0, 3;
    %load/vec4 v0000013d17894140_0;
    %parti/s 4, 21, 6;
    %store/vec4 v0000013d17846940_0, 0, 4;
    %load/vec4 v0000013d17894140_0;
    %parti/s 7, 25, 6;
    %dup/vec4;
    %pushi/vec4 64, 0, 7;
    %cmp/u;
    %jmp/1 T_0.0, 6;
    %dup/vec4;
    %pushi/vec4 65, 0, 7;
    %cmp/u;
    %jmp/1 T_0.1, 6;
    %dup/vec4;
    %pushi/vec4 0, 0, 7;
    %cmp/u;
    %jmp/1 T_0.2, 6;
    %dup/vec4;
    %pushi/vec4 1, 0, 7;
    %cmp/u;
    %jmp/1 T_0.3, 6;
    %dup/vec4;
    %pushi/vec4 17, 0, 7;
    %cmp/u;
    %jmp/1 T_0.4, 6;
    %dup/vec4;
    %pushi/vec4 25, 0, 7;
    %cmp/u;
    %jmp/1 T_0.5, 6;
    %dup/vec4;
    %pushi/vec4 18, 0, 7;
    %cmp/u;
    %jmp/1 T_0.6, 6;
    %dup/vec4;
    %pushi/vec4 26, 0, 7;
    %cmp/u;
    %jmp/1 T_0.7, 6;
    %dup/vec4;
    %pushi/vec4 19, 0, 7;
    %cmp/u;
    %jmp/1 T_0.8, 6;
    %dup/vec4;
    %pushi/vec4 27, 0, 7;
    %cmp/u;
    %jmp/1 T_0.9, 6;
    %dup/vec4;
    %pushi/vec4 20, 0, 7;
    %cmp/u;
    %jmp/1 T_0.10, 6;
    %dup/vec4;
    %pushi/vec4 28, 0, 7;
    %cmp/u;
    %jmp/1 T_0.11, 6;
    %dup/vec4;
    %pushi/vec4 21, 0, 7;
    %cmp/u;
    %jmp/1 T_0.12, 6;
    %dup/vec4;
    %pushi/vec4 29, 0, 7;
    %cmp/u;
    %jmp/1 T_0.13, 6;
    %dup/vec4;
    %pushi/vec4 1, 0, 7;
    %cmp/u;
    %jmp/1 T_0.14, 6;
    %dup/vec4;
    %pushi/vec4 5, 0, 7;
    %cmp/u;
    %jmp/1 T_0.15, 6;
    %dup/vec4;
    %pushi/vec4 2, 0, 7;
    %cmp/u;
    %jmp/1 T_0.16, 6;
    %dup/vec4;
    %pushi/vec4 3, 0, 7;
    %cmp/u;
    %jmp/1 T_0.17, 6;
    %dup/vec4;
    %pushi/vec4 49, 0, 7;
    %cmp/u;
    %jmp/1 T_0.18, 6;
    %dup/vec4;
    %pushi/vec4 57, 0, 7;
    %cmp/u;
    %jmp/1 T_0.19, 6;
    %dup/vec4;
    %pushi/vec4 50, 0, 7;
    %cmp/u;
    %jmp/1 T_0.20, 6;
    %dup/vec4;
    %pushi/vec4 58, 0, 7;
    %cmp/u;
    %jmp/1 T_0.21, 6;
    %dup/vec4;
    %pushi/vec4 51, 0, 7;
    %cmp/u;
    %jmp/1 T_0.22, 6;
    %dup/vec4;
    %pushi/vec4 59, 0, 7;
    %cmp/u;
    %jmp/1 T_0.23, 6;
    %dup/vec4;
    %pushi/vec4 52, 0, 7;
    %cmp/u;
    %jmp/1 T_0.24, 6;
    %dup/vec4;
    %pushi/vec4 60, 0, 7;
    %cmp/u;
    %jmp/1 T_0.25, 6;
    %dup/vec4;
    %pushi/vec4 53, 0, 7;
    %cmp/u;
    %jmp/1 T_0.26, 6;
    %dup/vec4;
    %pushi/vec4 61, 0, 7;
    %cmp/u;
    %jmp/1 T_0.27, 6;
    %dup/vec4;
    %pushi/vec4 54, 0, 7;
    %cmp/u;
    %jmp/1 T_0.28, 6;
    %dup/vec4;
    %pushi/vec4 96, 0, 7;
    %cmp/u;
    %jmp/1 T_0.29, 6;
    %dup/vec4;
    %pushi/vec4 97, 0, 7;
    %cmp/u;
    %jmp/1 T_0.30, 6;
    %dup/vec4;
    %pushi/vec4 98, 0, 7;
    %cmp/u;
    %jmp/1 T_0.31, 6;
    %dup/vec4;
    %pushi/vec4 100, 0, 7;
    %cmp/u;
    %jmp/1 T_0.32, 6;
    %dup/vec4;
    %pushi/vec4 104, 0, 7;
    %cmp/u;
    %jmp/1 T_0.33, 6;
    %vpi_call 2 283 "$display", "default case" {0 0 0};
    %jmp T_0.35;
T_0.0 ;
    %jmp T_0.35;
T_0.1 ;
    %jmp T_0.35;
T_0.2 ;
    %jmp T_0.35;
T_0.3 ;
    %jmp T_0.35;
T_0.4 ;
    %jmp T_0.35;
T_0.5 ;
    %jmp T_0.35;
T_0.6 ;
    %jmp T_0.35;
T_0.7 ;
    %jmp T_0.35;
T_0.8 ;
    %jmp T_0.35;
T_0.9 ;
    %jmp T_0.35;
T_0.10 ;
    %jmp T_0.35;
T_0.11 ;
    %jmp T_0.35;
T_0.12 ;
    %jmp T_0.35;
T_0.13 ;
    %jmp T_0.35;
T_0.14 ;
    %jmp T_0.35;
T_0.15 ;
    %jmp T_0.35;
T_0.16 ;
    %jmp T_0.35;
T_0.17 ;
    %jmp T_0.35;
T_0.18 ;
    %jmp T_0.35;
T_0.19 ;
    %jmp T_0.35;
T_0.20 ;
    %jmp T_0.35;
T_0.21 ;
    %jmp T_0.35;
T_0.22 ;
    %jmp T_0.35;
T_0.23 ;
    %jmp T_0.35;
T_0.24 ;
    %jmp T_0.35;
T_0.25 ;
    %jmp T_0.35;
T_0.26 ;
    %jmp T_0.35;
T_0.27 ;
    %jmp T_0.35;
T_0.28 ;
    %jmp T_0.35;
T_0.29 ;
    %jmp T_0.35;
T_0.30 ;
    %jmp T_0.35;
T_0.31 ;
    %jmp T_0.35;
T_0.32 ;
    %jmp T_0.35;
T_0.33 ;
    %jmp T_0.35;
T_0.35 ;
    %pop/vec4 1;
    %end;
    .thread T_0;
# The file index is used to find the file name in the following table.
:file_names 3;
    "N/A";
    "<interactive>";
    "ID.v";
