#! /c/Source/iverilog-install/bin/vvp
:ivl_version "12.0 (devel)" "(s20150603-1539-g2693dd32b)";
:ivl_delay_selection "TYPICAL";
:vpi_time_precision + 0;
:vpi_module "C:\iverilog\lib\ivl\system.vpi";
:vpi_module "C:\iverilog\lib\ivl\vhdl_sys.vpi";
:vpi_module "C:\iverilog\lib\ivl\vhdl_textio.vpi";
:vpi_module "C:\iverilog\lib\ivl\v2005_math.vpi";
:vpi_module "C:\iverilog\lib\ivl\va_math.vpi";
S_000001c508406d20 .scope module, "IF" "IF" 2 1;
 .timescale 0 0;
    .port_info 0 /INPUT 1 "clk";
    .port_info 1 /INPUT 16 "b_relAddr";
    .port_info 2 /INPUT 32 "b_absAddr";
    .port_info 3 /INPUT 1 "b_cond";
    .port_info 4 /INPUT 1 "b_abs";
    .port_info 5 /OUTPUT 32 "pc";
o000001c508456fd8 .functor BUFZ 1, C4<z>; HiZ drive
v000001c508406f20_0 .net "b_abs", 0 0, o000001c508456fd8;  0 drivers
o000001c508457008 .functor BUFZ 32, C4<zzzzzzzzzzzzzzzzzzzzzzzzzzzzzzzz>; HiZ drive
v000001c508406fc0_0 .net "b_absAddr", 31 0, o000001c508457008;  0 drivers
o000001c508457038 .functor BUFZ 1, C4<z>; HiZ drive
v000001c50840b840_0 .net "b_cond", 0 0, o000001c508457038;  0 drivers
o000001c508457068 .functor BUFZ 16, C4<zzzzzzzzzzzzzzzz>; HiZ drive
v000001c50840b8e0_0 .net "b_relAddr", 15 0, o000001c508457068;  0 drivers
o000001c508457098 .functor BUFZ 1, C4<z>; HiZ drive
v000001c50840b980_0 .net "clk", 0 0, o000001c508457098;  0 drivers
v000001c50840ba20_0 .var "pc", 31 0;
E_000001c50840ceb0 .event posedge, v000001c50840b980_0;
    .scope S_000001c508406d20;
T_0 ;
    %wait E_000001c50840ceb0;
    %load/vec4 v000001c50840b840_0;
    %flag_set/vec4 8;
    %jmp/0xz  T_0.0, 8;
    %load/vec4 v000001c508406f20_0;
    %flag_set/vec4 8;
    %jmp/0xz  T_0.2, 8;
    %load/vec4 v000001c508406fc0_0;
    %store/vec4 v000001c50840ba20_0, 0, 32;
    %jmp T_0.3;
T_0.2 ;
    %load/vec4 v000001c50840ba20_0;
    %load/vec4 v000001c50840b8e0_0;
    %pad/u 32;
    %muli 4, 0, 32;
    %add;
    %store/vec4 v000001c50840ba20_0, 0, 32;
T_0.3 ;
    %jmp T_0.1;
T_0.0 ;
    %load/vec4 v000001c50840ba20_0;
    %addi 4, 0, 32;
    %store/vec4 v000001c50840ba20_0, 0, 32;
T_0.1 ;
    %jmp T_0;
    .thread T_0;
# The file index is used to find the file name in the following table.
:file_names 3;
    "N/A";
    "<interactive>";
    "IF.v";
