#! /c/Source/iverilog-install/bin/vvp
:ivl_version "12.0 (devel)" "(s20150603-1539-g2693dd32b)";
:ivl_delay_selection "TYPICAL";
:vpi_time_precision + 0;
:vpi_module "C:\iverilog\lib\ivl\system.vpi";
:vpi_module "C:\iverilog\lib\ivl\vhdl_sys.vpi";
:vpi_module "C:\iverilog\lib\ivl\vhdl_textio.vpi";
:vpi_module "C:\iverilog\lib\ivl\v2005_math.vpi";
:vpi_module "C:\iverilog\lib\ivl\va_math.vpi";
S_000001e8906b6d20 .scope module, "SCC" "SCC" 2 1;
 .timescale 0 0;
    .port_info 0 /INPUT 1 "clk";
    .port_info 1 /INPUT 1 "reset";
    .port_info 2 /INPUT 32 "in_mem";
    .port_info 3 /INPUT 32 "data_in";
    .port_info 4 /OUTPUT 32 "in_mem_addr";
    .port_info 5 /OUTPUT 1 "in_mem_en";
    .port_info 6 /OUTPUT 32 "data_addr";
    .port_info 7 /OUTPUT 32 "data_out";
    .port_info 8 /OUTPUT 1 "data_read";
    .port_info 9 /OUTPUT 1 "data_write";
o000001e890706fd8 .functor BUFZ 1, C4<z>; HiZ drive
v000001e8906b6f60_0 .net "clk", 0 0, o000001e890706fd8;  0 drivers
o000001e890707008 .functor BUFZ 32, C4<zzzzzzzzzzzzzzzzzzzzzzzzzzzzzzzz>; HiZ drive
v000001e8906b7000_0 .net "data_addr", 31 0, o000001e890707008;  0 drivers
o000001e890707038 .functor BUFZ 32, C4<zzzzzzzzzzzzzzzzzzzzzzzzzzzzzzzz>; HiZ drive
v000001e8906bdb00_0 .net "data_in", 31 0, o000001e890707038;  0 drivers
o000001e890707068 .functor BUFZ 32, C4<zzzzzzzzzzzzzzzzzzzzzzzzzzzzzzzz>; HiZ drive
v000001e8906bdba0_0 .net "data_out", 31 0, o000001e890707068;  0 drivers
o000001e890707098 .functor BUFZ 1, C4<z>; HiZ drive
v000001e8906bdc40_0 .net "data_read", 0 0, o000001e890707098;  0 drivers
o000001e8907070c8 .functor BUFZ 1, C4<z>; HiZ drive
v000001e8906bdce0_0 .net "data_write", 0 0, o000001e8907070c8;  0 drivers
o000001e8907070f8 .functor BUFZ 32, C4<zzzzzzzzzzzzzzzzzzzzzzzzzzzzzzzz>; HiZ drive
v000001e8906bdd80_0 .net "in_mem", 31 0, o000001e8907070f8;  0 drivers
o000001e890707128 .functor BUFZ 32, C4<zzzzzzzzzzzzzzzzzzzzzzzzzzzzzzzz>; HiZ drive
v000001e8906bde20_0 .net "in_mem_addr", 31 0, o000001e890707128;  0 drivers
o000001e890707158 .functor BUFZ 1, C4<z>; HiZ drive
v000001e8906bdec0_0 .net "in_mem_en", 0 0, o000001e890707158;  0 drivers
o000001e890707188 .functor BUFZ 1, C4<z>; HiZ drive
v000001e8906bdff0_0 .net "reset", 0 0, o000001e890707188;  0 drivers
# The file index is used to find the file name in the following table.
:file_names 3;
    "N/A";
    "<interactive>";
    "SCC.v";
